#
# A fatal error has been detected by the Java Runtime Environment:
#
#  EXCEPTION_ACCESS_VIOLATION (0xc0000005) at pc=0x0000000062023b5c, pid=2208, tid=9600
#
# JRE version: Java(TM) SE Runtime Environment (9.0+11) (build 9.0.1+11)
# Java VM: Java HotSpot(TM) 64-Bit Server VM (9.0.1+11, mixed mode, tiered, compressed oops, g1 gc, windows-amd64)
# Problematic frame:
# V  [jvm.dll+0x2f3b5c]
#
# No core dump will be written. Minidumps are not enabled by default on client versions of Windows
#
# If you would like to submit a bug report, please visit:
#   http://bugreport.java.com/bugreport/crash.jsp
#

---------------  S U M M A R Y ------------

Command Line: -agentlib:jdwp=transport=dt_socket,address=127.0.0.1:51066,suspend=y,server=n -javaagent:C:\Users\ADITIR~1\AppData\Local\Temp\capture2jars\debugger-agent.jar=C:\Users\ADITIR~1\AppData\Local\Temp\capture2.props -Dfile.encoding=UTF-8 TileGame.Launcher

Host: Intel(R) Core(TM) i5-7200U CPU @ 2.50GHz, 4 cores, 7G,  Windows 10 , 64 bit Build 17134 (10.0.17134.706)
Time: Sun Apr 14 18:34:14 2019 New Zealand Standard Time elapsed time: 1009 seconds (0d 0h 16m 49s)

---------------  T H R E A D  ---------------

Current thread (0x0000015c3ceb0000):  VMThread "VM Thread" [stack: 0x0000003863700000,0x0000003863800000] [id=9600]

Stack: [0x0000003863700000,0x0000003863800000],  sp=0x00000038637ff3f0,  free space=1020k
Native frames: (J=compiled Java code, j=interpreted, Vv=VM code, C=native code)
V  [jvm.dll+0x2f3b5c]
V  [jvm.dll+0x2f5f0b]
V  [jvm.dll+0x2f654e]
V  [jvm.dll+0x2f3d05]
V  [jvm.dll+0x2f3173]
V  [jvm.dll+0x57845f]
V  [jvm.dll+0x57876c]
V  [jvm.dll+0x578613]
V  [jvm.dll+0x578e0c]
V  [jvm.dll+0x546f8a]
V  [jvm.dll+0x465261]
V  [jvm.dll+0x6a34eb]
V  [jvm.dll+0x6a1c85]
V  [jvm.dll+0x6a2461]
V  [jvm.dll+0x6a274c]
V  [jvm.dll+0x5864e0]
C  [msvcr120.dll+0x24f7f]
C  [msvcr120.dll+0x25126]
C  [KERNEL32.DLL+0x14034]
C  [ntdll.dll+0x73691]


siginfo: EXCEPTION_ACCESS_VIOLATION (0xc0000005), reading address 0x0000000000000006


Register to memory mapping:

RIP=0x0000000062023b5c jvm.dll
RAX=0x0000000000000000 is an unknown value
RBX=0x0000015c3e3320f8 is pointing into metadata
RCX=0x0000000000000000 is an unknown value
RDX=0x00000000000000da is an unknown value
RSP=0x00000038637ff3f0 is an unknown value
RBP=0x0000000000000001 is an unknown value
RSI=0x00000000626866d8 jvm.dll
RDI=0x00000038637ff6a0 is an unknown value
R8 =0x0000000000000000 is an unknown value
R9 =0x0000015c3e3320f8 is pointing into metadata
R10=0x00000038637ff420 is an unknown value
R11=0x0000015c3ce455f0 is an unknown value
R12=0x00000038637ff801 is an unknown value
R13=0x0000000000000000 is an unknown value
R14=0x0000000000000000 is an unknown value
R15=0x00000000000000c8 is an unknown value


Registers:
RAX=0x0000000000000000, RBX=0x0000015c3e3320f8, RCX=0x0000000000000000, RDX=0x00000000000000da
RSP=0x00000038637ff3f0, RBP=0x0000000000000001, RSI=0x00000000626866d8, RDI=0x00000038637ff6a0
R8 =0x0000000000000000, R9 =0x0000015c3e3320f8, R10=0x00000038637ff420, R11=0x0000015c3ce455f0
R12=0x00000038637ff801, R13=0x0000000000000000, R14=0x0000000000000000, R15=0x00000000000000c8
RIP=0x0000000062023b5c, EFLAGS=0x0000000000010202

Top of Stack: (sp=0x00000038637ff3f0)
0x00000038637ff3f0:   00000038637ff5e0 0000000061e31dfe
0x00000038637ff400:   00000038637ff6a0 0000000062027195
0x00000038637ff410:   0000015c00000000 0000015c3ce45578
0x00000038637ff420:   000000004600001c 00000000620276a6
0x00000038637ff430:   00001930e8e1aa58 00000000620268f6
0x00000038637ff440:   0000000000000005 00000038637ff4e0
0x00000038637ff450:   00000038637ff6a0 0000000062025f0b
0x00000038637ff460:   00000038637ff6a0 0000000000000020
0x00000038637ff470:   00000038637ff510 00000038637ff6a0
0x00000038637ff480:   0000000000000020 0000000000000004
0x00000038637ff490:   00000000000000c8 000000000000002d
0x00000038637ff4a0:   0000015c3ce45578 000000006202654e
0x00000038637ff4b0:   00000038637ff6a0 00000038637ff510
0x00000038637ff4c0:   0000000000000005 0000015c3ce45578
0x00000038637ff4d0:   0000000000006000 0000000062028451
0x00000038637ff4e0:   0000015c3e332990 0000015c3ceb0000 

Instructions: (pc=0x0000000062023b5c)
0x0000000062023b3c:   8b cb e8 0d 3e f2 ff 48 8b cb 8b d0 e8 f3 5f f2
0x0000000062023b4c:   ff 48 8d 35 84 2b 66 00 48 63 c8 48 8b 44 cb 48
0x0000000062023b5c:   0f b6 48 06 8b 05 6e 2b 66 00 80 f9 4c 74 2b 80
0x0000000062023b6c:   f9 5b 74 26 80 f9 4a 74 18 80 f9 44 74 13 48 8d 


VM_Operation (0x00000038641ff5e0): GetOrSetLocal, mode: safepoint, requested by thread 0x0000015c3d202000


---------------  P R O C E S S  ---------------

Java Threads: ( => current thread )
  0x0000015c3ea55000 JavaThread "AWT-EventQueue-0" [_thread_blocked, id=9296, stack(0x0000003864a00000,0x0000003864b00000)]
  0x0000015c3d6a3000 JavaThread "AWT-Windows" daemon [_thread_blocked, id=8352, stack(0x0000003864900000,0x0000003864a00000)]
  0x0000015c3d69a000 JavaThread "AWT-Shutdown" [_thread_blocked, id=6016, stack(0x0000003864800000,0x0000003864900000)]
  0x0000015c3d699800 JavaThread "Java2D Disposer" daemon [_thread_blocked, id=14700, stack(0x0000003864700000,0x0000003864800000)]
  0x0000015c19b65000 JavaThread "DestroyJavaVM" [_thread_blocked, id=3872, stack(0x0000003862b00000,0x0000003862c00000)]
  0x0000015c3d28d000 JavaThread "Thread-0" [_thread_blocked, id=14600, stack(0x0000003864600000,0x0000003864700000)]
  0x0000015c3d287800 JavaThread "Service Thread" daemon [_thread_blocked, id=15568, stack(0x0000003864400000,0x0000003864500000)]
  0x0000015c3d203800 JavaThread "JDWP Command Reader" daemon [_thread_in_native, id=4968, stack(0x0000003864300000,0x0000003864400000)]
  0x0000015c3d202800 JavaThread "JDWP Event Helper Thread" daemon [_thread_blocked, id=8408, stack(0x0000003864200000,0x0000003864300000)]
  0x0000015c3d202000 JavaThread "JDWP Transport Listener: dt_socket" daemon [_thread_blocked, id=8864, stack(0x0000003864100000,0x0000003864200000)]
  0x0000015c3cfc3000 JavaThread "Common-Cleaner" daemon [_thread_blocked, id=2020, stack(0x0000003864000000,0x0000003864100000)]
  0x0000015c3cf81000 JavaThread "Sweeper thread" daemon [_thread_blocked, id=1724, stack(0x0000003863f00000,0x0000003864000000)]
  0x0000015c3cf78800 JavaThread "C1 CompilerThread2" daemon [_thread_blocked, id=17148, stack(0x0000003863e00000,0x0000003863f00000)]
  0x0000015c3cf16000 JavaThread "C2 CompilerThread1" daemon [_thread_blocked, id=3620, stack(0x0000003863d00000,0x0000003863e00000)]
  0x0000015c3cf11000 JavaThread "C2 CompilerThread0" daemon [_thread_blocked, id=14668, stack(0x0000003863c00000,0x0000003863d00000)]
  0x0000015c3cec1800 JavaThread "Attach Listener" daemon [_thread_blocked, id=15796, stack(0x0000003863b00000,0x0000003863c00000)]
  0x0000015c3cf0e800 JavaThread "Signal Dispatcher" daemon [_thread_blocked, id=12360, stack(0x0000003863a00000,0x0000003863b00000)]
  0x0000015c3cec9000 JavaThread "Finalizer" daemon [_thread_blocked, id=10052, stack(0x0000003863900000,0x0000003863a00000)]
  0x0000015c3cec6000 JavaThread "Reference Handler" daemon [_thread_blocked, id=3868, stack(0x0000003863800000,0x0000003863900000)]

Other Threads:
=>0x0000015c3ceb0000 VMThread "VM Thread" [stack: 0x0000003863700000,0x0000003863800000] [id=9600]
  0x0000015c3d27f000 WatcherThread [stack: 0x0000003864500000,0x0000003864600000] [id=15832]
  0x0000015c19b7c000 GCTaskThread "GC Thread#0" [stack: 0x0000003862c00000,0x0000003862d00000] [id=16420]
  0x0000015c19b7d800 GCTaskThread "GC Thread#1" [stack: 0x0000003862d00000,0x0000003862e00000] [id=17016]
  0x0000015c19b7f000 GCTaskThread "GC Thread#2" [stack: 0x0000003862e00000,0x0000003862f00000] [id=13760]
  0x0000015c19b81000 GCTaskThread "GC Thread#3" [stack: 0x0000003862f00000,0x0000003863000000] [id=5844]
  0x0000015c19bf0800 ConcurrentGCThread "G1 Main Marker" [stack: 0x0000003863500000,0x0000003863600000] [id=12112]
  0x0000015c19bf1800 ConcurrentGCThread "G1 Marker#0" [stack: 0x0000003863600000,0x0000003863700000] [id=4404]
  0x0000015c19b89800 ConcurrentGCThread "G1 Refine#0" [stack: 0x0000003863300000,0x0000003863400000] [id=5996]
  0x0000015c19b88800 ConcurrentGCThread "G1 Refine#1" [stack: 0x0000003863200000,0x0000003863300000] [id=1684]
  0x0000015c19b86000 ConcurrentGCThread "G1 Refine#2" [stack: 0x0000003863100000,0x0000003863200000] [id=3896]
  0x0000015c19b82800 ConcurrentGCThread "G1 Refine#3" [stack: 0x0000003863000000,0x0000003863100000] [id=17064]
  0x0000015c19b8b000 ConcurrentGCThread "G1 Young RemSet Sampling" [stack: 0x0000003863400000,0x0000003863500000] [id=8580]

Threads with active compile tasks:

VM state:at safepoint (normal execution)

VM Mutex/Monitor currently owned by a thread:  ([mutex/lock_event])
[0x0000015c19b631c0] Threads_lock - owner thread: 0x0000015c3ceb0000

Heap address: 0x0000000082600000, size: 2010 MB, Compressed Oops mode: 32-bit
Narrow klass base: 0x0000000000000000, Narrow klass shift: 3
Compressed class space size: 1073741824 Address: 0x0000000100000000

Heap:
 garbage-first heap   total 129024K, used 37169K [0x0000000082600000, 0x00000000827003f0, 0x0000000100000000)
  region size 1024K, 23 young (23552K), 2 survivors (2048K)
 Metaspace       used 15150K, capacity 16650K, committed 16896K, reserved 1064960K
  class space    used 1642K, capacity 1945K, committed 2048K, reserved 1048576K
Heap Regions: E=young(eden), S=young(survivor), O=old, HS=humongous(starts), HC=humongous(continues), CS=collection set, F=free, A=archive, TS=gc time stamp, AC=allocation context, TAMS=top-at-mark-start (previous, next)
|   0|0x0000000082600000, 0x000000008264c600, 0x0000000082700000| 29%| O|  |TS  1|AC  0|TAMS 0x0000000082600000, 0x0000000082600000|
|   1|0x0000000082700000, 0x0000000082800000, 0x0000000082800000|100%|HS|  |TS  0|AC  0|TAMS 0x0000000082700000, 0x0000000082700000|
|   2|0x0000000082800000, 0x0000000082900000, 0x0000000082900000|100%|HC|  |TS  0|AC  0|TAMS 0x0000000082800000, 0x0000000082800000|
|   3|0x0000000082900000, 0x0000000082a00000, 0x0000000082a00000|100%|HS|  |TS  0|AC  0|TAMS 0x0000000082900000, 0x0000000082900000|
|   4|0x0000000082a00000, 0x0000000082b00000, 0x0000000082b00000|100%|HC|  |TS  0|AC  0|TAMS 0x0000000082a00000, 0x0000000082a00000|
|   5|0x0000000082b00000, 0x0000000082c00000, 0x0000000082c00000|100%|HC|  |TS  0|AC  0|TAMS 0x0000000082b00000, 0x0000000082b00000|
|   6|0x0000000082c00000, 0x0000000082d00000, 0x0000000082d00000|100%|HC|  |TS  0|AC  0|TAMS 0x0000000082c00000, 0x0000000082c00000|
|   7|0x0000000082d00000, 0x0000000082e00000, 0x0000000082e00000|100%|HC|  |TS  0|AC  0|TAMS 0x0000000082d00000, 0x0000000082d00000|
|   8|0x0000000082e00000, 0x0000000082f00000, 0x0000000082f00000|100%|HS|  |TS  0|AC  0|TAMS 0x0000000082e00000, 0x0000000082e00000|
|   9|0x0000000082f00000, 0x0000000083000000, 0x0000000083000000|100%|HC|  |TS  0|AC  0|TAMS 0x0000000082f00000, 0x0000000082f00000|
|  10|0x0000000083000000, 0x0000000083100000, 0x0000000083100000|100%|HC|  |TS  0|AC  0|TAMS 0x0000000083000000, 0x0000000083000000|
|  11|0x0000000083100000, 0x0000000083200000, 0x0000000083200000|100%|HS|  |TS  0|AC  0|TAMS 0x0000000083100000, 0x0000000083100000|
|  12|0x0000000083200000, 0x0000000083300000, 0x0000000083300000|100%|HC|  |TS  0|AC  0|TAMS 0x0000000083200000, 0x0000000083200000|
|  13|0x0000000083300000, 0x0000000083400000, 0x0000000083400000|100%|HS|  |TS  0|AC  0|TAMS 0x0000000083300000, 0x0000000083300000|
|  14|0x0000000083400000, 0x0000000083500000, 0x0000000083500000|100%|HC|  |TS  0|AC  0|TAMS 0x0000000083400000, 0x0000000083400000|
|  15|0x0000000083500000, 0x0000000083500000, 0x0000000083600000|  0%| F|  |TS  0|AC  0|TAMS 0x0000000083500000, 0x0000000083500000|
|  16|0x0000000083600000, 0x0000000083600000, 0x0000000083700000|  0%| F|  |TS  0|AC  0|TAMS 0x0000000083600000, 0x0000000083600000|
|  17|0x0000000083700000, 0x0000000083700000, 0x0000000083800000|  0%| F|  |TS  0|AC  0|TAMS 0x0000000083700000, 0x0000000083700000|
|  18|0x0000000083800000, 0x0000000083800000, 0x0000000083900000|  0%| F|  |TS  0|AC  0|TAMS 0x0000000083800000, 0x0000000083800000|
|  19|0x0000000083900000, 0x0000000083900000, 0x0000000083a00000|  0%| F|  |TS  0|AC  0|TAMS 0x0000000083900000, 0x0000000083900000|
|  20|0x0000000083a00000, 0x0000000083a00000, 0x0000000083b00000|  0%| F|  |TS  0|AC  0|TAMS 0x0000000083a00000, 0x0000000083a00000|
|  21|0x0000000083b00000, 0x0000000083b00000, 0x0000000083c00000|  0%| F|  |TS  0|AC  0|TAMS 0x0000000083b00000, 0x0000000083b00000|
|  22|0x0000000083c00000, 0x0000000083c00000, 0x0000000083d00000|  0%| F|  |TS  0|AC  0|TAMS 0x0000000083c00000, 0x0000000083c00000|
|  23|0x0000000083d00000, 0x0000000083d00000, 0x0000000083e00000|  0%| F|  |TS  0|AC  0|TAMS 0x0000000083d00000, 0x0000000083d00000|
|  24|0x0000000083e00000, 0x0000000083e00000, 0x0000000083f00000|  0%| F|  |TS  0|AC  0|TAMS 0x0000000083e00000, 0x0000000083e00000|
|  25|0x0000000083f00000, 0x0000000083f00000, 0x0000000084000000|  0%| F|  |TS  0|AC  0|TAMS 0x0000000083f00000, 0x0000000083f00000|
|  26|0x0000000084000000, 0x0000000084000000, 0x0000000084100000|  0%| F|  |TS  0|AC  0|TAMS 0x0000000084000000, 0x0000000084000000|
|  27|0x0000000084100000, 0x0000000084100000, 0x0000000084200000|  0%| F|  |TS  0|AC  0|TAMS 0x0000000084100000, 0x0000000084100000|
|  28|0x0000000084200000, 0x0000000084200000, 0x0000000084300000|  0%| F|  |TS  0|AC  0|TAMS 0x0000000084200000, 0x0000000084200000|
|  29|0x0000000084300000, 0x0000000084300000, 0x0000000084400000|  0%| F|  |TS  0|AC  0|TAMS 0x0000000084300000, 0x0000000084300000|
|  30|0x0000000084400000, 0x0000000084400000, 0x0000000084500000|  0%| F|  |TS  0|AC  0|TAMS 0x0000000084400000, 0x0000000084400000|
|  31|0x0000000084500000, 0x0000000084500000, 0x0000000084600000|  0%| F|  |TS  0|AC  0|TAMS 0x0000000084500000, 0x0000000084500000|
|  32|0x0000000084600000, 0x0000000084600000, 0x0000000084700000|  0%| F|  |TS  0|AC  0|TAMS 0x0000000084600000, 0x0000000084600000|
|  33|0x0000000084700000, 0x0000000084700000, 0x0000000084800000|  0%| F|  |TS  0|AC  0|TAMS 0x0000000084700000, 0x0000000084700000|
|  34|0x0000000084800000, 0x0000000084800000, 0x0000000084900000|  0%| F|  |TS  0|AC  0|TAMS 0x0000000084800000, 0x0000000084800000|
|  35|0x0000000084900000, 0x0000000084900000, 0x0000000084a00000|  0%| F|  |TS  0|AC  0|TAMS 0x0000000084900000, 0x0000000084900000|
|  36|0x0000000084a00000, 0x0000000084a00000, 0x0000000084b00000|  0%| F|  |TS  0|AC  0|TAMS 0x0000000084a00000, 0x0000000084a00000|
|  37|0x0000000084b00000, 0x0000000084b00000, 0x0000000084c00000|  0%| F|  |TS  0|AC  0|TAMS 0x0000000084b00000, 0x0000000084b00000|
|  38|0x0000000084c00000, 0x0000000084c00000, 0x0000000084d00000|  0%| F|  |TS  0|AC  0|TAMS 0x0000000084c00000, 0x0000000084c00000|
|  39|0x0000000084d00000, 0x0000000084d00000, 0x0000000084e00000|  0%| F|  |TS  0|AC  0|TAMS 0x0000000084d00000, 0x0000000084d00000|
|  40|0x0000000084e00000, 0x0000000084e00000, 0x0000000084f00000|  0%| F|  |TS  0|AC  0|TAMS 0x0000000084e00000, 0x0000000084e00000|
|  41|0x0000000084f00000, 0x0000000084f00000, 0x0000000085000000|  0%| F|  |TS  0|AC  0|TAMS 0x0000000084f00000, 0x0000000084f00000|
|  42|0x0000000085000000, 0x0000000085000000, 0x0000000085100000|  0%| F|  |TS  0|AC  0|TAMS 0x0000000085000000, 0x0000000085000000|
|  43|0x0000000085100000, 0x0000000085100000, 0x0000000085200000|  0%| F|  |TS  0|AC  0|TAMS 0x0000000085100000, 0x0000000085100000|
|  44|0x0000000085200000, 0x0000000085200000, 0x0000000085300000|  0%| F|  |TS  0|AC  0|TAMS 0x0000000085200000, 0x0000000085200000|
|  45|0x0000000085300000, 0x0000000085300000, 0x0000000085400000|  0%| F|  |TS  0|AC  0|TAMS 0x0000000085300000, 0x0000000085300000|
|  46|0x0000000085400000, 0x0000000085400000, 0x0000000085500000|  0%| F|  |TS  0|AC  0|TAMS 0x0000000085400000, 0x0000000085400000|
|  47|0x0000000085500000, 0x0000000085500000, 0x0000000085600000|  0%| F|  |TS  0|AC  0|TAMS 0x0000000085500000, 0x0000000085500000|
|  48|0x0000000085600000, 0x0000000085600000, 0x0000000085700000|  0%| F|  |TS  0|AC  0|TAMS 0x0000000085600000, 0x0000000085600000|
|  49|0x0000000085700000, 0x0000000085700000, 0x0000000085800000|  0%| F|  |TS  0|AC  0|TAMS 0x0000000085700000, 0x0000000085700000|
|  50|0x0000000085800000, 0x0000000085800000, 0x0000000085900000|  0%| F|  |TS  0|AC  0|TAMS 0x0000000085800000, 0x0000000085800000|
|  51|0x0000000085900000, 0x0000000085900000, 0x0000000085a00000|  0%| F|  |TS  0|AC  0|TAMS 0x0000000085900000, 0x0000000085900000|
|  52|0x0000000085a00000, 0x0000000085a00000, 0x0000000085b00000|  0%| F|  |TS  0|AC  0|TAMS 0x0000000085a00000, 0x0000000085a00000|
|  53|0x0000000085b00000, 0x0000000085b00000, 0x0000000085c00000|  0%| F|  |TS  0|AC  0|TAMS 0x0000000085b00000, 0x0000000085b00000|
|  54|0x0000000085c00000, 0x0000000085c00000, 0x0000000085d00000|  0%| F|  |TS  0|AC  0|TAMS 0x0000000085c00000, 0x0000000085c00000|
|  55|0x0000000085d00000, 0x0000000085d00000, 0x0000000085e00000|  0%| F|  |TS  0|AC  0|TAMS 0x0000000085d00000, 0x0000000085d00000|
|  56|0x0000000085e00000, 0x0000000085e00000, 0x0000000085f00000|  0%| F|  |TS  0|AC  0|TAMS 0x0000000085e00000, 0x0000000085e00000|
|  57|0x0000000085f00000, 0x0000000085f00000, 0x0000000086000000|  0%| F|  |TS  0|AC  0|TAMS 0x0000000085f00000, 0x0000000085f00000|
|  58|0x0000000086000000, 0x0000000086000000, 0x0000000086100000|  0%| F|  |TS  0|AC  0|TAMS 0x0000000086000000, 0x0000000086000000|
|  59|0x0000000086100000, 0x0000000086100000, 0x0000000086200000|  0%| F|  |TS  0|AC  0|TAMS 0x0000000086100000, 0x0000000086100000|
|  60|0x0000000086200000, 0x0000000086200000, 0x0000000086300000|  0%| F|  |TS  0|AC  0|TAMS 0x0000000086200000, 0x0000000086200000|
|  61|0x0000000086300000, 0x0000000086300000, 0x0000000086400000|  0%| F|  |TS  0|AC  0|TAMS 0x0000000086300000, 0x0000000086300000|
|  62|0x0000000086400000, 0x0000000086400000, 0x0000000086500000|  0%| F|  |TS  0|AC  0|TAMS 0x0000000086400000, 0x0000000086400000|
|  63|0x0000000086500000, 0x0000000086500000, 0x0000000086600000|  0%| F|  |TS  0|AC  0|TAMS 0x0000000086500000, 0x0000000086500000|
|  64|0x0000000086600000, 0x0000000086600000, 0x0000000086700000|  0%| F|  |TS  0|AC  0|TAMS 0x0000000086600000, 0x0000000086600000|
|  65|0x0000000086700000, 0x0000000086700000, 0x0000000086800000|  0%| F|  |TS  0|AC  0|TAMS 0x0000000086700000, 0x0000000086700000|
|  66|0x0000000086800000, 0x0000000086800000, 0x0000000086900000|  0%| F|  |TS  0|AC  0|TAMS 0x0000000086800000, 0x0000000086800000|
|  67|0x0000000086900000, 0x0000000086900000, 0x0000000086a00000|  0%| F|  |TS  0|AC  0|TAMS 0x0000000086900000, 0x0000000086900000|
|  68|0x0000000086a00000, 0x0000000086a00000, 0x0000000086b00000|  0%| F|  |TS  0|AC  0|TAMS 0x0000000086a00000, 0x0000000086a00000|
|  69|0x0000000086b00000, 0x0000000086b00000, 0x0000000086c00000|  0%| F|  |TS  0|AC  0|TAMS 0x0000000086b00000, 0x0000000086b00000|
|  70|0x0000000086c00000, 0x0000000086c00000, 0x0000000086d00000|  0%| F|  |TS  0|AC  0|TAMS 0x0000000086c00000, 0x0000000086c00000|
|  71|0x0000000086d00000, 0x0000000086d00000, 0x0000000086e00000|  0%| F|  |TS  0|AC  0|TAMS 0x0000000086d00000, 0x0000000086d00000|
|  72|0x0000000086e00000, 0x0000000086e00000, 0x0000000086f00000|  0%| F|  |TS  0|AC  0|TAMS 0x0000000086e00000, 0x0000000086e00000|
|  73|0x0000000086f00000, 0x0000000086f00000, 0x0000000087000000|  0%| F|  |TS  0|AC  0|TAMS 0x0000000086f00000, 0x0000000086f00000|
|  74|0x0000000087000000, 0x0000000087000000, 0x0000000087100000|  0%| F|  |TS  0|AC  0|TAMS 0x0000000087000000, 0x0000000087000000|
|  75|0x0000000087100000, 0x0000000087100000, 0x0000000087200000|  0%| F|  |TS  0|AC  0|TAMS 0x0000000087100000, 0x0000000087100000|
|  76|0x0000000087200000, 0x0000000087200000, 0x0000000087300000|  0%| F|  |TS  0|AC  0|TAMS 0x0000000087200000, 0x0000000087200000|
|  77|0x0000000087300000, 0x0000000087300000, 0x0000000087400000|  0%| F|  |TS  0|AC  0|TAMS 0x0000000087300000, 0x0000000087300000|
|  78|0x0000000087400000, 0x0000000087400000, 0x0000000087500000|  0%| F|  |TS  0|AC  0|TAMS 0x0000000087400000, 0x0000000087400000|
|  79|0x0000000087500000, 0x0000000087500000, 0x0000000087600000|  0%| F|  |TS  0|AC  0|TAMS 0x0000000087500000, 0x0000000087500000|
|  80|0x0000000087600000, 0x0000000087600000, 0x0000000087700000|  0%| F|  |TS  0|AC  0|TAMS 0x0000000087600000, 0x0000000087600000|
|  81|0x0000000087700000, 0x0000000087700000, 0x0000000087800000|  0%| F|  |TS  0|AC  0|TAMS 0x0000000087700000, 0x0000000087700000|
|  82|0x0000000087800000, 0x0000000087800000, 0x0000000087900000|  0%| F|  |TS  0|AC  0|TAMS 0x0000000087800000, 0x0000000087800000|
|  83|0x0000000087900000, 0x0000000087900000, 0x0000000087a00000|  0%| F|  |TS  0|AC  0|TAMS 0x0000000087900000, 0x0000000087900000|
|  84|0x0000000087a00000, 0x0000000087a00000, 0x0000000087b00000|  0%| F|  |TS  0|AC  0|TAMS 0x0000000087a00000, 0x0000000087a00000|
|  85|0x0000000087b00000, 0x0000000087b00000, 0x0000000087c00000|  0%| F|  |TS  0|AC  0|TAMS 0x0000000087b00000, 0x0000000087b00000|
|  86|0x0000000087c00000, 0x0000000087c00000, 0x0000000087d00000|  0%| F|  |TS  0|AC  0|TAMS 0x0000000087c00000, 0x0000000087c00000|
|  87|0x0000000087d00000, 0x0000000087d00000, 0x0000000087e00000|  0%| F|  |TS  0|AC  0|TAMS 0x0000000087d00000, 0x0000000087d00000|
|  88|0x0000000087e00000, 0x0000000087e00000, 0x0000000087f00000|  0%| F|  |TS  0|AC  0|TAMS 0x0000000087e00000, 0x0000000087e00000|
|  89|0x0000000087f00000, 0x0000000087f00000, 0x0000000088000000|  0%| F|  |TS  0|AC  0|TAMS 0x0000000087f00000, 0x0000000087f00000|
|  90|0x0000000088000000, 0x0000000088000000, 0x0000000088100000|  0%| F|  |TS  0|AC  0|TAMS 0x0000000088000000, 0x0000000088000000|
|  91|0x0000000088100000, 0x0000000088100000, 0x0000000088200000|  0%| F|  |TS  0|AC  0|TAMS 0x0000000088100000, 0x0000000088100000|
|  92|0x0000000088200000, 0x0000000088200000, 0x0000000088300000|  0%| F|  |TS  0|AC  0|TAMS 0x0000000088200000, 0x0000000088200000|
|  93|0x0000000088300000, 0x0000000088300000, 0x0000000088400000|  0%| F|  |TS  0|AC  0|TAMS 0x0000000088300000, 0x0000000088300000|
|  94|0x0000000088400000, 0x0000000088400000, 0x0000000088500000|  0%| F|  |TS  0|AC  0|TAMS 0x0000000088400000, 0x0000000088400000|
|  95|0x0000000088500000, 0x0000000088500000, 0x0000000088600000|  0%| F|  |TS  0|AC  0|TAMS 0x0000000088500000, 0x0000000088500000|
|  96|0x0000000088600000, 0x0000000088600000, 0x0000000088700000|  0%| F|  |TS  0|AC  0|TAMS 0x0000000088600000, 0x0000000088600000|
|  97|0x0000000088700000, 0x0000000088700000, 0x0000000088800000|  0%| F|  |TS  0|AC  0|TAMS 0x0000000088700000, 0x0000000088700000|
|  98|0x0000000088800000, 0x0000000088800000, 0x0000000088900000|  0%| F|  |TS  0|AC  0|TAMS 0x0000000088800000, 0x0000000088800000|
|  99|0x0000000088900000, 0x0000000088900000, 0x0000000088a00000|  0%| F|  |TS  0|AC  0|TAMS 0x0000000088900000, 0x0000000088900000|
| 100|0x0000000088a00000, 0x0000000088a00000, 0x0000000088b00000|  0%| F|  |TS  0|AC  0|TAMS 0x0000000088a00000, 0x0000000088a00000|
| 101|0x0000000088b00000, 0x0000000088b00000, 0x0000000088c00000|  0%| F|  |TS  0|AC  0|TAMS 0x0000000088b00000, 0x0000000088b00000|
| 102|0x0000000088c00000, 0x0000000088c00000, 0x0000000088d00000|  0%| F|  |TS  0|AC  0|TAMS 0x0000000088c00000, 0x0000000088c00000|
| 103|0x0000000088d00000, 0x0000000088e00000, 0x0000000088e00000|100%| E|  |TS  0|AC  0|TAMS 0x0000000088d00000, 0x0000000088d00000|
| 104|0x0000000088e00000, 0x0000000088f00000, 0x0000000088f00000|100%| E|CS|TS  0|AC  0|TAMS 0x0000000088e00000, 0x0000000088e00000|
| 105|0x0000000088f00000, 0x0000000089000000, 0x0000000089000000|100%| E|CS|TS  0|AC  0|TAMS 0x0000000088f00000, 0x0000000088f00000|
| 106|0x0000000089000000, 0x0000000089100000, 0x0000000089100000|100%| E|CS|TS  0|AC  0|TAMS 0x0000000089000000, 0x0000000089000000|
| 107|0x0000000089100000, 0x0000000089200000, 0x0000000089200000|100%| E|CS|TS  0|AC  0|TAMS 0x0000000089100000, 0x0000000089100000|
| 108|0x0000000089200000, 0x0000000089300000, 0x0000000089300000|100%| E|CS|TS  0|AC  0|TAMS 0x0000000089200000, 0x0000000089200000|
| 109|0x0000000089300000, 0x0000000089400000, 0x0000000089400000|100%| E|CS|TS  0|AC  0|TAMS 0x0000000089300000, 0x0000000089300000|
| 110|0x0000000089400000, 0x0000000089500000, 0x0000000089500000|100%| S|CS|TS  1|AC  0|TAMS 0x0000000089400000, 0x0000000089400000|
| 111|0x0000000089500000, 0x0000000089600000, 0x0000000089600000|100%| S|CS|TS  1|AC  0|TAMS 0x0000000089500000, 0x0000000089500000|
| 112|0x0000000089600000, 0x0000000089700000, 0x0000000089700000|100%| E|CS|TS  1|AC  0|TAMS 0x0000000089600000, 0x0000000089600000|
| 113|0x0000000089700000, 0x0000000089800000, 0x0000000089800000|100%| E|CS|TS  1|AC  0|TAMS 0x0000000089700000, 0x0000000089700000|
| 114|0x0000000089800000, 0x0000000089900000, 0x0000000089900000|100%| E|CS|TS  1|AC  0|TAMS 0x0000000089800000, 0x0000000089800000|
| 115|0x0000000089900000, 0x0000000089a00000, 0x0000000089a00000|100%| E|CS|TS  1|AC  0|TAMS 0x0000000089900000, 0x0000000089900000|
| 116|0x0000000089a00000, 0x0000000089b00000, 0x0000000089b00000|100%| E|CS|TS  1|AC  0|TAMS 0x0000000089a00000, 0x0000000089a00000|
| 117|0x0000000089b00000, 0x0000000089c00000, 0x0000000089c00000|100%| E|CS|TS  1|AC  0|TAMS 0x0000000089b00000, 0x0000000089b00000|
| 118|0x0000000089c00000, 0x0000000089d00000, 0x0000000089d00000|100%| E|CS|TS  1|AC  0|TAMS 0x0000000089c00000, 0x0000000089c00000|
| 119|0x0000000089d00000, 0x0000000089e00000, 0x0000000089e00000|100%| E|CS|TS  1|AC  0|TAMS 0x0000000089d00000, 0x0000000089d00000|
| 120|0x0000000089e00000, 0x0000000089f00000, 0x0000000089f00000|100%| E|CS|TS  1|AC  0|TAMS 0x0000000089e00000, 0x0000000089e00000|
| 121|0x0000000089f00000, 0x000000008a000000, 0x000000008a000000|100%| E|CS|TS  1|AC  0|TAMS 0x0000000089f00000, 0x0000000089f00000|
| 122|0x000000008a000000, 0x000000008a100000, 0x000000008a100000|100%| E|CS|TS  1|AC  0|TAMS 0x000000008a000000, 0x000000008a000000|
| 123|0x000000008a100000, 0x000000008a200000, 0x000000008a200000|100%| E|CS|TS  1|AC  0|TAMS 0x000000008a100000, 0x000000008a100000|
| 124|0x000000008a200000, 0x000000008a300000, 0x000000008a300000|100%| E|CS|TS  1|AC  0|TAMS 0x000000008a200000, 0x000000008a200000|
| 125|0x000000008a300000, 0x000000008a400000, 0x000000008a400000|100%| E|CS|TS  1|AC  0|TAMS 0x000000008a300000, 0x000000008a300000|

Card table byte_map: [0x0000015c359d0000,0x0000015c35dc0000] byte_map_base: 0x0000015c355bd000

Marking Bits (Prev, Next): (CMBitMap*) 0x0000015c19bef990, (CMBitMap*) 0x0000015c19bef9c8
 Prev Bits: [0x0000015c361b0000, 0x0000015c38118000)
 Next Bits: [0x0000015c38120000, 0x0000015c3a088000)

Polling page: 0x0000015c19ae0000

CodeHeap 'non-profiled nmethods': size=120064Kb used=650Kb max_used=650Kb free=119413Kb
 bounds [0x0000015c2d680000, 0x0000015c2d8f0000, 0x0000015c34bc0000]
CodeHeap 'profiled nmethods': size=120000Kb used=2146Kb max_used=2146Kb free=117853Kb
 bounds [0x0000015c26150000, 0x0000015c263c0000, 0x0000015c2d680000]
CodeHeap 'non-nmethods': size=5696Kb used=1356Kb max_used=1372Kb free=4340Kb
 bounds [0x0000015c25bc0000, 0x0000015c25e30000, 0x0000015c26150000]
 total_blobs=2104 nmethods=1248 adapters=501
 compilation: enabled

Compilation events (10 events):
Event: 62.638 Thread 0x0000015c3cf16000 nmethod 1242 0x0000015c2d71fc10 code [0x0000015c2d71fda0, 0x0000015c2d720138]
Event: 62.647 Thread 0x0000015c3cf11000 nmethod 1238 0x0000015c2d720290 code [0x0000015c2d7204e0, 0x0000015c2d721910]
Event: 227.885 Thread 0x0000015c3cf78800 1245       3       java.lang.invoke.LambdaForm$BMH/2124578994::reinvoke (31 bytes)
Event: 227.886 Thread 0x0000015c3cf78800 nmethod 1245 0x0000015c26367410 code [0x0000015c263675e0, 0x0000015c26367ba0]
Event: 228.486 Thread 0x0000015c3cf78800 1246       3       java.lang.invoke.DirectMethodHandle$Holder::invokeStatic (15 bytes)
Event: 228.487 Thread 0x0000015c3cf78800 nmethod 1246 0x0000015c26367d10 code [0x0000015c26367ee0, 0x0000015c26368320]
Event: 230.071 Thread 0x0000015c3cf78800 1247       1       java.awt.Color::getRGB (5 bytes)
Event: 230.071 Thread 0x0000015c3cf78800 nmethod 1247 0x0000015c2d722810 code [0x0000015c2d7229c0, 0x0000015c2d722ad8]
Event: 257.405 Thread 0x0000015c3cf78800 1248       3       java.lang.StringConcatHelper::checkOverflow (16 bytes)
Event: 257.405 Thread 0x0000015c3cf78800 nmethod 1248 0x0000015c26368410 code [0x0000015c263685e0, 0x0000015c26368830]

GC Heap History (2 events):
Event: 1.352 GC heap before
{Heap before GC invocations=0 (full 0):
 garbage-first heap   total 129024K, used 14336K [0x0000000082600000, 0x00000000827003f0, 0x0000000100000000)
  region size 1024K, 14 young (14336K), 0 survivors (0K)
 Metaspace       used 11830K, capacity 12530K, committed 12672K, reserved 1060864K
  class space    used 1191K, capacity 1355K, committed 1408K, reserved 1048576K
}
Event: 1.358 GC heap after
{Heap after GC invocations=1 (full 0):
 garbage-first heap   total 129024K, used 2353K [0x0000000082600000, 0x00000000827003f0, 0x0000000100000000)
  region size 1024K, 2 young (2048K), 2 survivors (2048K)
 Metaspace       used 11830K, capacity 12530K, committed 12672K, reserved 1060864K
  class space    used 1191K, capacity 1355K, committed 1408K, reserved 1048576K
}

Deoptimization events (10 events):
Event: 1.386 Thread 0x0000015c3d28d000 Uncommon trap: reason=unstable_if action=reinterpret pc=0x0000015c2d6b0f28 method=java.lang.StringUTF16.compress([CI[BII)I @ 20 c2
Event: 1.512 Thread 0x0000015c3d28d000 Uncommon trap: reason=class_check action=maybe_recompile pc=0x0000015c2d6b8888 method=java.util.HashMap.getNode(ILjava/lang/Object;)Ljava/util/HashMap$Node; @ 126 c2
Event: 1.513 Thread 0x0000015c3d28d000 Uncommon trap: reason=class_check action=maybe_recompile pc=0x0000015c2d6b8888 method=java.util.HashMap.getNode(ILjava/lang/Object;)Ljava/util/HashMap$Node; @ 126 c2
Event: 1.513 Thread 0x0000015c3d28d000 Uncommon trap: reason=class_check action=maybe_recompile pc=0x0000015c2d6b8888 method=java.util.HashMap.getNode(ILjava/lang/Object;)Ljava/util/HashMap$Node; @ 126 c2
Event: 1.513 Thread 0x0000015c3d28d000 Uncommon trap: reason=class_check action=maybe_recompile pc=0x0000015c2d6b8888 method=java.util.HashMap.getNode(ILjava/lang/Object;)Ljava/util/HashMap$Node; @ 126 c2
Event: 1.515 Thread 0x0000015c3d28d000 Uncommon trap: reason=class_check action=maybe_recompile pc=0x0000015c2d6ceb3c method=java.util.HashMap.putVal(ILjava/lang/Object;Ljava/lang/Object;ZZ)Ljava/lang/Object; @ 253 c2
Event: 1.515 Thread 0x0000015c3d28d000 Uncommon trap: reason=class_check action=maybe_recompile pc=0x0000015c2d6ceb3c method=java.util.HashMap.putVal(ILjava/lang/Object;Ljava/lang/Object;ZZ)Ljava/lang/Object; @ 253 c2
Event: 1.515 Thread 0x0000015c3d28d000 Uncommon trap: reason=class_check action=maybe_recompile pc=0x0000015c2d6ceb3c method=java.util.HashMap.putVal(ILjava/lang/Object;Ljava/lang/Object;ZZ)Ljava/lang/Object; @ 253 c2
Event: 1.515 Thread 0x0000015c3d28d000 Uncommon trap: reason=class_check action=maybe_recompile pc=0x0000015c2d6ceb3c method=java.util.HashMap.putVal(ILjava/lang/Object;Ljava/lang/Object;ZZ)Ljava/lang/Object; @ 253 c2
Event: 2.017 Thread 0x0000015c3d28d000 Uncommon trap: reason=unstable_if action=reinterpret pc=0x0000015c2d6f11b8 method=sun.awt.image.ByteInterleavedRaster.putByteData(IIII[B)V @ 395 c2

Classes redefined (5 events):
Event: 359.136 Thread 0x0000015c3ceb0000 redefined class name=TileGame.Worlds.World, count=1
Event: 483.020 Thread 0x0000015c3ceb0000 redefined class name=TileGame.Worlds.World, count=2
Event: 544.949 Thread 0x0000015c3ceb0000 redefined class name=TileGame.Worlds.World, count=3
Event: 681.991 Thread 0x0000015c3ceb0000 redefined class name=TileGame.Worlds.World, count=4
Event: 1009.646 Thread 0x0000015c3ceb0000 redefined class name=TileGame.Worlds.World, count=5

Internal exceptions (10 events):
Event: 62.513 Thread 0x0000015c3d28d000 Exception <a 'java/lang/NoSuchMethodError'{0x0000000088f7de48}: method resolution failed> (0x0000000088f7de48) thrown at [t:/workspace/hotspot/src/share/vm/prims/methodHandles.cpp, line 1256]
Event: 62.517 Thread 0x0000015c3d28d000 Exception <a 'java/lang/NoSuchMethodError'{0x0000000088f8b600}: method resolution failed> (0x0000000088f8b600) thrown at [t:/workspace/hotspot/src/share/vm/prims/methodHandles.cpp, line 1256]
Event: 62.549 Thread 0x0000015c3d28d000 Exception <a 'java/lang/NoSuchMethodError'{0x0000000088e09b30}: java.lang.invoke.DirectMethodHandle$Holder.invokeSpecial(Ljava/lang/Object;Ljava/lang/Object;IIIIIII)Ljava/lang/Object;> (0x0000000088e09b30) thrown at [t:/workspace/hotspot/src/share/vm/inte
Event: 62.550 Thread 0x0000015c3d28d000 Exception <a 'java/lang/NoSuchMethodError'{0x0000000088e0cec0}: java.lang.invoke.DelegatingMethodHandle$Holder.reinvoke_L(Ljava/lang/Object;IIIIIII)Ljava/lang/Object;> (0x0000000088e0cec0) thrown at [t:/workspace/hotspot/src/share/vm/interpreter/linkResol
Event: 62.561 Thread 0x0000015c3d28d000 Exception <a 'java/lang/NoSuchMethodError'{0x0000000088e36948}: java.lang.invoke.DirectMethodHandle$Holder.invokeSpecial(Ljava/lang/Object;Ljava/lang/Object;IIII)Ljava/lang/Object;> (0x0000000088e36948) thrown at [t:/workspace/hotspot/src/share/vm/interpr
Event: 62.593 Thread 0x0000015c3d28d000 Exception <a 'java/lang/NoSuchMethodError'{0x0000000088ec58d0}: method resolution failed> (0x0000000088ec58d0) thrown at [t:/workspace/hotspot/src/share/vm/prims/methodHandles.cpp, line 1256]
Event: 62.594 Thread 0x0000015c3d28d000 Exception <a 'java/lang/NoSuchMethodError'{0x0000000088ec93e0}: java.lang.invoke.DelegatingMethodHandle$Holder.reinvoke_L(Ljava/lang/Object;Ljava/lang/Object;IIIILjava/lang/Object;III)Ljava/lang/Object;> (0x0000000088ec93e0) thrown at [t:/workspace/hotspo
Event: 62.638 Thread 0x0000015c3d28d000 Exception <a 'java/lang/NoSuchMethodError'{0x0000000088d34578}: java.lang.invoke.DirectMethodHandle$Holder.invokeSpecial(Ljava/lang/Object;Ljava/lang/Object;IIIIILjava/lang/Object;III)Ljava/lang/Object;> (0x0000000088d34578) thrown at [t:/workspace/hotspo
Event: 62.640 Thread 0x0000015c3d28d000 Exception <a 'java/lang/NoSuchMethodError'{0x0000000088d37c38}: java.lang.invoke.DelegatingMethodHandle$Holder.reinvoke_L(Ljava/lang/Object;IIIIILjava/lang/Object;III)Ljava/lang/Object;> (0x0000000088d37c38) thrown at [t:/workspace/hotspot/src/share/vm/in
Event: 62.648 Thread 0x0000015c3d28d000 Exception <a 'java/lang/NoSuchMethodError'{0x0000000088d4b0c8}: java.lang.invoke.DirectMethodHandle$Holder.invokeSpecial(Ljava/lang/Object;Ljava/lang/Object;IILjava/lang/Object;III)Ljava/lang/Object;> (0x0000000088d4b0c8) thrown at [t:/workspace/hotspot/s

Events (10 events):
Event: 1009.800 Executing VM operation: ChangeBreakpoints done
Event: 1009.812 Executing VM operation: GetFrameCount
Event: 1009.812 Executing VM operation: GetFrameCount done
Event: 1009.812 Executing VM operation: GetFrameLocation
Event: 1009.812 Executing VM operation: GetFrameLocation done
Event: 1009.812 Executing VM operation: GetFrameLocation
Event: 1009.813 Executing VM operation: GetFrameLocation done
Event: 1009.813 Executing VM operation: GetOrSetLocal
Event: 1009.813 Executing VM operation: GetOrSetLocal done
Event: 1009.817 Executing VM operation: GetOrSetLocal


Dynamic libraries:
0x00007ff669c90000 - 0x00007ff669cce000 	C:\Program Files\Java\jdk-9.0.1\bin\java.exe
0x00007ffe709e0000 - 0x00007ffe70bc1000 	C:\WINDOWS\SYSTEM32\ntdll.dll
0x00007ffe5fea0000 - 0x00007ffe5feb2000 	C:\Program Files\AVAST Software\Avast\aswhook.dll
0x00007ffe70750000 - 0x00007ffe70801000 	C:\WINDOWS\System32\KERNEL32.DLL
0x00007ffe6ce00000 - 0x00007ffe6d073000 	C:\WINDOWS\System32\KERNELBASE.dll
0x00007ffe6e2d0000 - 0x00007ffe6e371000 	C:\WINDOWS\System32\ADVAPI32.dll
0x00007ffe706b0000 - 0x00007ffe7074e000 	C:\WINDOWS\System32\msvcrt.dll
0x00007ffe70650000 - 0x00007ffe706ab000 	C:\WINDOWS\System32\sechost.dll
0x00007ffe6e1a0000 - 0x00007ffe6e2c4000 	C:\WINDOWS\System32\RPCRT4.dll
0x00007ffe703d0000 - 0x00007ffe70560000 	C:\WINDOWS\System32\USER32.dll
0x00007ffe6d100000 - 0x00007ffe6d120000 	C:\WINDOWS\System32\win32u.dll
0x00007ffe6ea70000 - 0x00007ffe6ea98000 	C:\WINDOWS\System32\GDI32.dll
0x00007ffe6dae0000 - 0x00007ffe6dc72000 	C:\WINDOWS\System32\gdi32full.dll
0x00007ffe6d9e0000 - 0x00007ffe6da7f000 	C:\WINDOWS\System32\msvcp_win.dll
0x00007ffe6d120000 - 0x00007ffe6d218000 	C:\WINDOWS\System32\ucrtbase.dll
0x00007ffe5f500000 - 0x00007ffe5f769000 	C:\WINDOWS\WinSxS\amd64_microsoft.windows.common-controls_6595b64144ccf1df_6.0.17134.706_none_fb43a2cb30647007\COMCTL32.dll
0x00007ffe6de70000 - 0x00007ffe6e192000 	C:\WINDOWS\System32\combase.dll
0x00007ffe6d080000 - 0x00007ffe6d0fa000 	C:\WINDOWS\System32\bcryptPrimitives.dll
0x00007ffe62d10000 - 0x00007ffe62d1a000 	C:\WINDOWS\SYSTEM32\VERSION.dll
0x00007ffe6fee0000 - 0x00007ffe6ff0d000 	C:\WINDOWS\System32\IMM32.DLL
0x00007ffe61da0000 - 0x00007ffe61e8f000 	C:\Program Files\Java\jdk-9.0.1\bin\msvcr120.dll
0x00007ffe5c260000 - 0x00007ffe5c306000 	C:\Program Files\Java\jdk-9.0.1\bin\msvcp120.dll
0x0000000061d30000 - 0x0000000062754000 	C:\Program Files\Java\jdk-9.0.1\bin\server\jvm.dll
0x00007ffe6e7e0000 - 0x00007ffe6e7e8000 	C:\WINDOWS\System32\PSAPI.DLL
0x00007ffe636a0000 - 0x00007ffe636a9000 	C:\WINDOWS\SYSTEM32\WSOCK32.dll
0x00007ffe6e8d0000 - 0x00007ffe6e93c000 	C:\WINDOWS\System32\WS2_32.dll
0x00007ffe623b0000 - 0x00007ffe623d3000 	C:\WINDOWS\SYSTEM32\WINMM.dll
0x00007ffe62380000 - 0x00007ffe623aa000 	C:\WINDOWS\SYSTEM32\WINMMBASE.dll
0x00007ffe6cdb0000 - 0x00007ffe6cdf9000 	C:\WINDOWS\System32\cfgmgr32.dll
0x00007ffe693a0000 - 0x00007ffe693af000 	C:\Program Files\Java\jdk-9.0.1\bin\verify.dll
0x00007ffe620a0000 - 0x00007ffe620c7000 	C:\Program Files\Java\jdk-9.0.1\bin\java.dll
0x00007ffe61fc0000 - 0x00007ffe61ff6000 	C:\Program Files\Java\jdk-9.0.1\bin\jdwp.dll
0x00007ffe62070000 - 0x00007ffe6209a000 	C:\Program Files\Java\jdk-9.0.1\bin\instrument.dll
0x00007ffe67960000 - 0x00007ffe67976000 	C:\Program Files\Java\jdk-9.0.1\bin\zip.dll
0x00007ffe679a0000 - 0x00007ffe679aa000 	C:\Program Files\Java\jdk-9.0.1\bin\jimage.dll
0x00007ffe6eaa0000 - 0x00007ffe6fee0000 	C:\WINDOWS\System32\SHELL32.dll
0x00007ffe6e9c0000 - 0x00007ffe6ea69000 	C:\WINDOWS\System32\shcore.dll
0x00007ffe6d220000 - 0x00007ffe6d92d000 	C:\WINDOWS\System32\windows.storage.dll
0x00007ffe701d0000 - 0x00007ffe70221000 	C:\WINDOWS\System32\shlwapi.dll
0x00007ffe6cd50000 - 0x00007ffe6cd61000 	C:\WINDOWS\System32\kernel.appcore.dll
0x00007ffe6cd70000 - 0x00007ffe6cd8f000 	C:\WINDOWS\System32\profapi.dll
0x00007ffe6cd00000 - 0x00007ffe6cd4c000 	C:\WINDOWS\System32\powrprof.dll
0x00007ffe6ccf0000 - 0x00007ffe6ccfa000 	C:\WINDOWS\System32\FLTLIB.DLL
0x00007ffe61fa0000 - 0x00007ffe61fba000 	C:\Program Files\Java\jdk-9.0.1\bin\net.dll
0x00007ffe652a0000 - 0x00007ffe6537d000 	C:\WINDOWS\SYSTEM32\WINHTTP.dll
0x00007ffe6c510000 - 0x00007ffe6c576000 	C:\WINDOWS\system32\mswsock.dll
0x00007ffe61f20000 - 0x00007ffe61f31000 	C:\Program Files\Java\jdk-9.0.1\bin\nio.dll
0x00007ffe67930000 - 0x00007ffe6793a000 	C:\Program Files\Java\jdk-9.0.1\bin\dt_socket.dll
0x00007ffe42220000 - 0x00007ffe423b9000 	C:\Program Files\Java\jdk-9.0.1\bin\awt.dll
0x00007ffe6e800000 - 0x00007ffe6e8c2000 	C:\WINDOWS\System32\OLEAUT32.dll
0x00007ffe69d90000 - 0x00007ffe6a357000 	C:\WINDOWS\SYSTEM32\d2d1.dll
0x00007ffe6ab90000 - 0x00007ffe6ac1b000 	C:\WINDOWS\SYSTEM32\apphelp.dll
0x00007ffe6afa0000 - 0x00007ffe6afc9000 	C:\WINDOWS\system32\DWMAPI.DLL
0x00007ffe6ae60000 - 0x00007ffe6aef8000 	C:\WINDOWS\system32\uxtheme.dll
0x00007ffe48350000 - 0x00007ffe48470000 	C:\WINDOWS\system32\opengl32.dll
0x00007ffe66760000 - 0x00007ffe6678c000 	C:\WINDOWS\SYSTEM32\GLU32.dll
0x00007ffe70230000 - 0x00007ffe703a3000 	C:\WINDOWS\System32\MSCTF.dll
0x00007ffe70070000 - 0x00007ffe701c1000 	C:\WINDOWS\System32\ole32.dll
0x00007ffe5c1c0000 - 0x00007ffe5c25d000 	C:\Program Files\Java\jdk-9.0.1\bin\fontmanager.dll
0x00007ffe589f0000 - 0x00007ffe58a86000 	C:\WINDOWS\System32\TextInputFramework.dll
0x00007ffe58650000 - 0x00007ffe5896e000 	C:\WINDOWS\System32\CoreUIComponents.dll
0x00007ffe6a8e0000 - 0x00007ffe6a9ba000 	C:\WINDOWS\System32\CoreMessaging.dll
0x00007ffe6bde0000 - 0x00007ffe6be11000 	C:\WINDOWS\SYSTEM32\ntmarta.dll
0x00007ffe68bb0000 - 0x00007ffe68cfd000 	C:\WINDOWS\SYSTEM32\wintypes.dll
0x00007ffe48840000 - 0x00007ffe488ab000 	C:\WINDOWS\system32\Oleacc.dll
0x00007ffe6c6c0000 - 0x00007ffe6c6d7000 	C:\WINDOWS\SYSTEM32\CRYPTSP.dll
0x00007ffe6c0f0000 - 0x00007ffe6c123000 	C:\WINDOWS\system32\rsaenh.dll
0x00007ffe6c850000 - 0x00007ffe6c875000 	C:\WINDOWS\SYSTEM32\bcrypt.dll
0x00007ffe6cbf0000 - 0x00007ffe6cc18000 	C:\WINDOWS\SYSTEM32\USERENV.dll
0x00007ffe6c6e0000 - 0x00007ffe6c6eb000 	C:\WINDOWS\SYSTEM32\CRYPTBASE.dll
0x00007ffe6c290000 - 0x00007ffe6c2c8000 	C:\WINDOWS\SYSTEM32\IPHLPAPI.DLL
0x00007ffe6e7d0000 - 0x00007ffe6e7d8000 	C:\WINDOWS\System32\NSI.dll
0x00007ffe66690000 - 0x00007ffe666a6000 	C:\WINDOWS\SYSTEM32\dhcpcsvc6.DLL
0x00007ffe66030000 - 0x00007ffe6604a000 	C:\WINDOWS\SYSTEM32\dhcpcsvc.DLL
0x00007ffe6b630000 - 0x00007ffe6b7f9000 	C:\WINDOWS\SYSTEM32\dbghelp.dll

VM Arguments:
jvm_args: -agentlib:jdwp=transport=dt_socket,address=127.0.0.1:51066,suspend=y,server=n -javaagent:C:\Users\ADITIR~1\AppData\Local\Temp\capture2jars\debugger-agent.jar=C:\Users\ADITIR~1\AppData\Local\Temp\capture2.props -Dfile.encoding=UTF-8 
java_command: TileGame.Launcher
java_class_path (initial): C:\Users\Aditi Ramalingam\Programs\Java\JavaPrograms\JavaGamePractice\out\production\JavaGamePractice;C:\Program Files\JetBrains\IntelliJ IDEA Community Edition 2017.3.1\lib\idea_rt.jar
Launcher Type: SUN_STANDARD

Logging:
Log output configuration:
#0: stdout all=warning uptime,level,tags
#1: stderr all=off uptime,level,tags

Environment Variables:
PATH=C:\ProgramData\Oracle\Java\javapath;C:\WINDOWS\system32;C:\WINDOWS;C:\WINDOWS\System32\Wbem;C:\WINDOWS\System32\WindowsPowerShell\v1.0\;C:\Program Files (x86)\Skype\Phone\;C:\Program Files\MATLAB\R2017a\bin;C:\Program Files\Microsoft SQL Server\120\Tools\Binn\;C:\Program Files\Microsoft SQL Server\130\Tools\Binn\;C:\Program Files (x86)\Windows Kits\10\Windows Performance Toolkit\;C:\WINDOWS\System32\OpenSSH\;C:\MinGW\bin;C:\Users\Aditi Ramalingam\AppData\Local\Microsoft\WindowsApps;;C:\Program Files\Microsoft VS Code\bin
USERNAME=Aditi Ramalingam
OS=Windows_NT
PROCESSOR_IDENTIFIER=Intel64 Family 6 Model 142 Stepping 9, GenuineIntel



---------------  S Y S T E M  ---------------

OS: Windows 10 , 64 bit Build 17134 (10.0.17134.706)

CPU:total 4 (initial active 4) (2 cores per cpu, 2 threads per core) family 6 model 142 stepping 9, cmov, cx8, fxsr, mmx, sse, sse2, sse3, ssse3, sse4.1, sse4.2, popcnt, avx, avx2, aes, clmul, erms, 3dnowpref, lzcnt, ht, tsc, tscinvbit, bmi1, bmi2, adx, fma

Memory: 4k page, physical 8228876k(2338460k free), swap 14258188k(3691016k free)

vm_info: Java HotSpot(TM) 64-Bit Server VM (9.0.1+11) for windows-amd64 JRE (9.0.1+11), built on Sep 28 2017 04:54:03 by "mach5one" with MS VC++ 12.0 (VS2013)

END.
